0 info it worked if it ends with ok
1 verbose cli [ '/usr/bin/nodejs', '/usr/bin/npm', 'install', '-g', 'phonegap' ]
2 info using npm@2.15.5
3 info using node@v4.4.5
4 verbose install initial load of /usr/lib/package.json
5 verbose readDependencies loading dependencies from /usr/lib/package.json
6 silly cache add args [ 'phonegap', null ]
7 verbose cache add spec phonegap
8 silly cache add parsed spec Result {
8 silly cache add   raw: 'phonegap',
8 silly cache add   scope: null,
8 silly cache add   name: 'phonegap',
8 silly cache add   rawSpec: '',
8 silly cache add   spec: 'latest',
8 silly cache add   type: 'tag' }
9 silly addNamed phonegap@latest
10 verbose addNamed "latest" is being treated as a dist-tag for phonegap
11 info addNameTag [ 'phonegap', 'latest' ]
12 silly mapToRegistry name phonegap
13 silly mapToRegistry using default registry
14 silly mapToRegistry registry https://registry.npmjs.org/
15 silly mapToRegistry data Result {
15 silly mapToRegistry   raw: 'phonegap',
15 silly mapToRegistry   scope: null,
15 silly mapToRegistry   name: 'phonegap',
15 silly mapToRegistry   rawSpec: '',
15 silly mapToRegistry   spec: 'latest',
15 silly mapToRegistry   type: 'tag' }
16 silly mapToRegistry uri https://registry.npmjs.org/phonegap
17 verbose addNameTag registry:https://registry.npmjs.org/phonegap not in flight; fetching
18 verbose request uri https://registry.npmjs.org/phonegap
19 verbose request no auth needed
20 info attempt registry request try #1 at 23:28:42
21 verbose request id 6bca7a3d1cd90f5c
22 verbose etag "639CW8ZIKEPKV7G3SJBZBMUP4"
23 http request GET https://registry.npmjs.org/phonegap
24 http 304 https://registry.npmjs.org/phonegap
25 verbose headers { date: 'Wed, 25 May 2016 04:28:42 GMT',
25 verbose headers   via: '1.1 varnish',
25 verbose headers   'cache-control': 'max-age=300',
25 verbose headers   etag: '"639CW8ZIKEPKV7G3SJBZBMUP4"',
25 verbose headers   age: '12',
25 verbose headers   connection: 'keep-alive',
25 verbose headers   'x-served-by': 'cache-atl6220-ATL',
25 verbose headers   'x-cache': 'HIT',
25 verbose headers   'x-cache-hits': '1',
25 verbose headers   'x-timer': 'S1464150522.997449,VS0,VE0',
25 verbose headers   vary: 'Accept-Encoding' }
26 silly get cb [ 304,
26 silly get   { date: 'Wed, 25 May 2016 04:28:42 GMT',
26 silly get     via: '1.1 varnish',
26 silly get     'cache-control': 'max-age=300',
26 silly get     etag: '"639CW8ZIKEPKV7G3SJBZBMUP4"',
26 silly get     age: '12',
26 silly get     connection: 'keep-alive',
26 silly get     'x-served-by': 'cache-atl6220-ATL',
26 silly get     'x-cache': 'HIT',
26 silly get     'x-cache-hits': '1',
26 silly get     'x-timer': 'S1464150522.997449,VS0,VE0',
26 silly get     vary: 'Accept-Encoding' } ]
27 verbose etag https://registry.npmjs.org/phonegap from cache
28 verbose get saving phonegap to /home/jonathan/.npm/registry.npmjs.org/phonegap/.cache.json
29 verbose correctMkdir /home/jonathan/.npm correctMkdir not in flight; initializing
30 silly addNameTag next cb for phonegap with tag latest
31 silly addNamed phonegap@6.2.5
32 verbose addNamed "6.2.5" is a plain semver version for phonegap
33 silly cache afterAdd phonegap@6.2.5
34 verbose afterAdd /home/jonathan/.npm/phonegap/6.2.5/package/package.json not in flight; writing
35 verbose correctMkdir /home/jonathan/.npm correctMkdir not in flight; initializing
36 verbose afterAdd /home/jonathan/.npm/phonegap/6.2.5/package/package.json written
37 silly install resolved [ { name: 'phonegap',
37 silly install resolved     description: 'PhoneGap command-line interface and node.js library.',
37 silly install resolved     version: '6.2.5',
37 silly install resolved     homepage: 'http://github.com/phonegap/phonegap-cli',
37 silly install resolved     repository:
37 silly install resolved      { type: 'git',
37 silly install resolved        url: 'git://github.com/phonegap/phonegap-cli.git' },
37 silly install resolved     keywords:
37 silly install resolved      [ 'cli',
37 silly install resolved        'cordova',
37 silly install resolved        'phonegap',
37 silly install resolved        'phonegap build',
37 silly install resolved        'phonegap/build' ],
37 silly install resolved     preferGlobal: 'true',
37 silly install resolved     main: './lib/main.js',
37 silly install resolved     bin: { phonegap: './bin/phonegap.js' },
37 silly install resolved     scripts: { test: 'node node_modules/jasmine-node/bin/jasmine-node --color spec' },
37 silly install resolved     engineStrict: 'true',
37 silly install resolved     engines: { node: '>=0.10.0' },
37 silly install resolved     dependencies:
37 silly install resolved      { colors: '0.6.0-1',
37 silly install resolved        'connect-phonegap': '0.21.6',
37 silly install resolved        cordova: '6.1.1',
37 silly install resolved        minimist: '0.1.0',
37 silly install resolved        opener: '1.4.1',
37 silly install resolved        'phonegap-build': '0.10.0',
37 silly install resolved        pluralize: '0.0.4',
37 silly install resolved        prompt: '0.2.11',
37 silly install resolved        'qrcode-terminal': '0.9.4',
37 silly install resolved        semver: '1.1.0',
37 silly install resolved        shelljs: '0.1.4',
37 silly install resolved        'update-notifier': '^0.6.0' },
37 silly install resolved     devDependencies: { 'jasmine-node': '1.14.5', chdir: '0.0.x' },
37 silly install resolved     optionalDependencies: {},
37 silly install resolved     contributors:
37 silly install resolved      [ [Object],
37 silly install resolved        [Object],
37 silly install resolved        [Object],
37 silly install resolved        [Object],
37 silly install resolved        [Object],
37 silly install resolved        [Object],
37 silly install resolved        [Object] ],
37 silly install resolved     templates:
37 silly install resolved      { blank: [Object],
37 silly install resolved        'hello-world': [Object],
37 silly install resolved        framework7: [Object],
37 silly install resolved        'react-hot-loader': [Object],
37 silly install resolved        'star-track': [Object] },
37 silly install resolved     gitHead: '30836105abe165a1b292e4f54ea6bbe7792d6fbf',
37 silly install resolved     bugs: { url: 'https://github.com/phonegap/phonegap-cli/issues' },
37 silly install resolved     _id: 'phonegap@6.2.5',
37 silly install resolved     _shasum: '6de572818b458bedf65c94398b80b913732945cc',
37 silly install resolved     _from: 'phonegap@latest',
37 silly install resolved     _npmVersion: '3.7.3',
37 silly install resolved     _nodeVersion: '5.8.0',
37 silly install resolved     _npmUser: { name: 'surajpindoria', email: 'suraj.pindoria@yahoo.com' },
37 silly install resolved     dist:
37 silly install resolved      { shasum: '6de572818b458bedf65c94398b80b913732945cc',
37 silly install resolved        tarball: 'https://registry.npmjs.org/phonegap/-/phonegap-6.2.5.tgz' },
37 silly install resolved     maintainers:
37 silly install resolved      [ [Object],
37 silly install resolved        [Object],
37 silly install resolved        [Object],
37 silly install resolved        [Object],
37 silly install resolved        [Object],
37 silly install resolved        [Object],
37 silly install resolved        [Object] ],
37 silly install resolved     _npmOperationalInternal:
37 silly install resolved      { host: 'packages-16-east.internal.npmjs.com',
37 silly install resolved        tmp: 'tmp/phonegap-6.2.5.tgz_1464039274859_0.3260879290755838' },
37 silly install resolved     directories: {},
37 silly install resolved     _resolved: 'https://registry.npmjs.org/phonegap/-/phonegap-6.2.5.tgz',
37 silly install resolved     readme: 'ERROR: No README data found!' } ]
38 info install phonegap@6.2.5 into /usr/lib
39 info installOne phonegap@6.2.5
40 verbose installOne of phonegap to /usr/lib not in flight; installing
41 verbose correctMkdir /home/jonathan/.npm/_locks correctMkdir not in flight; initializing
42 verbose lock using /home/jonathan/.npm/_locks/phonegap-e1442ff25c67abce.lock for /usr/lib/node_modules/phonegap
43 silly install write writing phonegap 6.2.5 to /usr/lib/node_modules/phonegap
44 verbose unbuild lib/node_modules/phonegap
45 silly gentlyRm /usr/lib/node_modules/phonegap is being purged from base /usr
46 verbose gentlyRm don't care about contents; nuking /usr/lib/node_modules/phonegap
47 verbose tar unpack /home/jonathan/.npm/phonegap/6.2.5/package.tgz
48 verbose tar unpacking to /usr/lib/node_modules/phonegap
49 silly gentlyRm /usr/lib/node_modules/phonegap is being purged
50 verbose gentlyRm don't care about contents; nuking /usr/lib/node_modules/phonegap
51 silly gunzTarPerm modes [ '775', '664' ]
52 error tar.unpack untar error /home/jonathan/.npm/phonegap/6.2.5/package.tgz
53 verbose unlock done using /home/jonathan/.npm/_locks/phonegap-e1442ff25c67abce.lock for /usr/lib/node_modules/phonegap
54 verbose fstream_path /usr/lib/node_modules/phonegap
55 verbose fstream_type Directory
56 verbose fstream_class DirWriter
57 verbose stack Error: EACCES: permission denied, mkdir '/usr/lib/node_modules/phonegap'
57 verbose stack     at Error (native)
58 verbose fstream_stack /usr/lib/node_modules/npm/node_modules/fstream/lib/dir-writer.js:35:25
58 verbose fstream_stack /usr/lib/node_modules/npm/node_modules/mkdirp/index.js:47:53
58 verbose fstream_stack FSReqWrap.oncomplete (fs.js:82:15)
59 verbose cwd /var/www/html/sgsst/view
60 error Linux 4.2.0-36-generic
61 error argv "/usr/bin/nodejs" "/usr/bin/npm" "install" "-g" "phonegap"
62 error node v4.4.5
63 error npm  v2.15.5
64 error path /usr/lib/node_modules/phonegap
65 error code EACCES
66 error errno -13
67 error syscall mkdir
68 error Error: EACCES: permission denied, mkdir '/usr/lib/node_modules/phonegap'
68 error     at Error (native)
68 error  { [Error: EACCES: permission denied, mkdir '/usr/lib/node_modules/phonegap']
68 error   errno: -13,
68 error   code: 'EACCES',
68 error   syscall: 'mkdir',
68 error   path: '/usr/lib/node_modules/phonegap',
68 error   fstream_type: 'Directory',
68 error   fstream_path: '/usr/lib/node_modules/phonegap',
68 error   fstream_class: 'DirWriter',
68 error   fstream_stack:
68 error    [ '/usr/lib/node_modules/npm/node_modules/fstream/lib/dir-writer.js:35:25',
68 error      '/usr/lib/node_modules/npm/node_modules/mkdirp/index.js:47:53',
68 error      'FSReqWrap.oncomplete (fs.js:82:15)' ] }
69 error Please try running this command again as root/Administrator.
70 verbose exit [ -13, true ]
71 verbose unbuild lib/node_modules/phonegap
72 silly gentlyRm /usr/lib/node_modules/phonegap is being purged from base /usr
73 verbose gentlyRm don't care about contents; nuking /usr/lib/node_modules/phonegap
